Arguments: 
  C:\Program Files\nodejs\node.exe C:\Users\koleg\AppData\Roaming\npm\node_modules\yarn\bin\yarn.js init

PATH: 
  C:\Users\koleg\bin;C:\Program Files\Git\mingw64\bin;C:\Program Files\Git\usr\local\bin;C:\Program Files\Git\usr\bin;C:\Program Files\Git\usr\bin;C:\Program Files\Git\mingw64\bin;C:\Program Files\Git\usr\bin;C:\Users\koleg\bin;C:\ProgramData\Oracle\Java\javapath;C:\Program Files (x86)\Intel\iCLS Client;C:\Program Files\Intel\iCLS Client;C:\Windows\system32;C:\Windows;C:\Windows\System32\Wbem;C:\Windows\System32\WindowsPowerShell\v1.0;C:\Program Files (x86)\Intel\Intel(R) Management Engine Components\DAL;C:\Program Files\Intel\Intel(R) Management Engine Components\DAL;C:\Program Files (x86)\Intel\Intel(R) Management Engine Components\IPT;C:\Program Files\Intel\Intel(R) Management Engine Components\IPT;C:\Program Files\Git\cmd;C:\Program Files\Sublime Text 3;C:\Program Files\nodejs;C:\Program Files\Intel\WiFi\bin;C:\Program Files\Common Files\Intel\WirelessCommon;C:\Users\koleg\AppData\Local\Programs\Python\Python35\Scripts;C:\Users\koleg\AppData\Local\Programs\Python\Python35;C:\Users\koleg\AppData\Local\Microsoft\WindowsApps;C:\Users\koleg\AppData\Local\atom\bin;C:\Users\koleg\AppData\Roaming\npm;C:\Program Files (x86)\Microsoft VS Code\bin;C:\Program Files\Heroku\bin;C:\Program Files\Git\usr\bin\vendor_perl;C:\Program Files\Git\usr\bin\core_perl

Yarn version: 
  0.20.3

Node version: 
  6.9.5

Platform: 
  win32 x64

npm manifest: 
  {
  	"name": "request_header",
  	"version": "0.0.1",
  	"description": "API project for freeCodeCamp",
  	"main": "server.js",
  	"scripts": {
  		"start": "node server.js"
  	},
  	"dependencies": {
  		"express": "^5.0.0-alpha.2",
  		"cors": "^2.8.1"
  	},
  	"engines": {
  		"node": "4.4.5"
  	},
  	"repository": {
  		"type": "git",
  		"url": "https://hyperdev.com/#!/project/welcome-project"
  	},
  	"keywords": [
  		"node",
  		"hyperdev",
  		"express"
  	],
  	"license": "MIT"
  }

yarn manifest: 
  No manifest

Lockfile: 
  No lockfile

Trace: 
  Error: Can't answer a question unless a user TTY
      at ConsoleReporter.question (C:\Users\koleg\AppData\Roaming\npm\node_modules\yarn\lib\reporters\console\console-reporter.js:199:29)
      at Object.<anonymous> (C:\Users\koleg\AppData\Roaming\npm\node_modules\yarn\lib\cli\commands\init.js:115:38)
      at next (native)
      at step (C:\Users\koleg\AppData\Roaming\npm\node_modules\yarn\node_modules\babel-runtime\helpers\asyncToGenerator.js:17:30)
      at C:\Users\koleg\AppData\Roaming\npm\node_modules\yarn\node_modules\babel-runtime\helpers\asyncToGenerator.js:28:13
      at process._tickCallback (internal/process/next_tick.js:103:7)
